<?xml version="1.0" encoding="UTF-8"?>
<!-- Generated by org.testng.reporters.JUnitReportReporter -->
<testsuite hostname="Admin-PC" failures="0" tests="1" name="AutomationPractice.MachineTest.ProductAddToCartTest" time="50.971" errors="0" timestamp="29 Nov 2020 07:09:34 GMT" skipped="0">
  <testcase classname="AutomationPractice.MachineTest.ProductAddToCartTest" name="SearchToOrderPlace" time="50.971"/>
</testsuite> <!-- AutomationPractice.MachineTest.ProductAddToCartTest -->
