<?xml version="1.0" encoding="UTF-8"?>
<!-- Generated by org.testng.reporters.JUnitReportReporter -->
<testsuite hostname="Admin-PC" failures="0" tests="1" name="AutomationPractice.MachineTest.UpdatePersonalInformationTest" time="19.746" errors="0" timestamp="22 Dec 2020 10:36:01 GMT" skipped="0">
  <testcase classname="AutomationPractice.MachineTest.UpdatePersonalInformationTest" name="updatepersonalinfo" time="19.746"/>
</testsuite> <!-- AutomationPractice.MachineTest.UpdatePersonalInformationTest -->
