<?xml version="1.0" encoding="UTF-8"?>
<!-- Generated by org.testng.reporters.JUnitReportReporter -->
<testsuite hostname="Admin-PC" failures="0" tests="1" name="AutomationPractice.MachineTest.SearchProdToMangOrdToRegisToUpdateAddrsToPlacOrderTest" time="50.928" errors="0" timestamp="22 Dec 2020 10:36:01 GMT" skipped="0">
  <testcase classname="AutomationPractice.MachineTest.SearchProdToMangOrdToRegisToUpdateAddrsToPlacOrderTest" name="SearchToOrderPlaceUpdateAddress" time="50.928"/>
</testsuite> <!-- AutomationPractice.MachineTest.SearchProdToMangOrdToRegisToUpdateAddrsToPlacOrderTest -->
