<?xml version="1.0" encoding="UTF-8"?>
<!-- Generated by org.testng.reporters.JUnitReportReporter -->
<testsuite hostname="Admin-PC" failures="0" tests="1" name="AutomationPractice.MachineTest.SearchProdToMangOrdToRegisToUpdateAddrsToPlacOrder" time="106.841" errors="0" timestamp="29 Nov 2020 09:52:13 GMT" skipped="0">
  <testcase classname="AutomationPractice.MachineTest.SearchProdToMangOrdToRegisToUpdateAddrsToPlacOrder" name="SearchToOrderPlaceUpdateAddress" time="106.841"/>
</testsuite> <!-- AutomationPractice.MachineTest.SearchProdToMangOrdToRegisToUpdateAddrsToPlacOrder -->
