<?xml version="1.0" encoding="UTF-8"?>
<!-- Generated by org.testng.reporters.JUnitReportReporter -->
<testsuite hostname="Admin-PC" failures="0" tests="1" name="AutomationPractice.MachineTest.DuplicaRegistrationTest" time="12.939" errors="0" timestamp="22 Dec 2020 10:36:01 GMT" skipped="0">
  <testcase classname="AutomationPractice.MachineTest.DuplicaRegistrationTest" name="duplicate_registration" time="12.939"/>
</testsuite> <!-- AutomationPractice.MachineTest.DuplicaRegistrationTest -->
