<?xml version="1.0" encoding="UTF-8"?>
<!-- Generated by org.testng.reporters.JUnitReportReporter -->
<testsuite hostname="Admin-PC" failures="0" tests="1" name="AutomationPractice.MachineTest.UpdatePersonalInformation" time="24.867" errors="0" timestamp="29 Nov 2020 08:35:52 GMT" skipped="0">
  <testcase classname="AutomationPractice.MachineTest.UpdatePersonalInformation" name="updatepersonalinfo" time="24.867"/>
</testsuite> <!-- AutomationPractice.MachineTest.UpdatePersonalInformation -->
