<?xml version="1.0" encoding="UTF-8"?>
<!-- Generated by org.testng.reporters.JUnitReportReporter -->
<testsuite hostname="Admin-PC" failures="0" tests="3" name="AutomationPractice.MachineTest.Homepage" time="69.295" errors="0" timestamp="27 Nov 2020 19:14:55 GMT" skipped="0">
  <testcase classname="AutomationPractice.MachineTest.Homepage" name="Valid_registration" time="24.723"/>
  <testcase classname="AutomationPractice.MachineTest.Homepage" name="duplicate_registration" time="20.485"/>
  <testcase classname="AutomationPractice.MachineTest.Homepage" name="blankregister" time="24.087"/>
</testsuite> <!-- AutomationPractice.MachineTest.Homepage -->
