<?xml version="1.0" encoding="UTF-8"?>
<!-- Generated by org.testng.reporters.JUnitReportReporter -->
<testsuite hostname="Admin-PC" failures="0" tests="1" name="AutomationPractice.MachineTest.CreateToManageWishlist" time="31.753" errors="0" timestamp="29 Nov 2020 07:06:04 GMT" skipped="0">
  <testcase classname="AutomationPractice.MachineTest.CreateToManageWishlist" name="createToManageWishlist" time="31.753"/>
</testsuite> <!-- AutomationPractice.MachineTest.CreateToManageWishlist -->
